.
./hugetlb
./hugetlb/hugetlb.2MB.failcnt
./hugetlb/hugetlb.2MB.max_usage_in_bytes
./hugetlb/hugetlb.2MB.usage_in_bytes
./hugetlb/hugetlb.2MB.limit_in_bytes
./hugetlb/release_agent
./hugetlb/cgroup.sane_behavior
./hugetlb/cgroup.clone_children
./hugetlb/cgroup.event_control
./hugetlb/notify_on_release
./hugetlb/cgroup.procs
./hugetlb/tasks
./perf_event
./perf_event/release_agent
./perf_event/cgroup.sane_behavior
./perf_event/cgroup.clone_children
./perf_event/cgroup.event_control
./perf_event/notify_on_release
./perf_event/cgroup.procs
./perf_event/tasks
./blkio
./blkio/blkio.io_queued_recursive
./blkio/blkio.io_merged_recursive
./blkio/blkio.io_wait_time_recursive
./blkio/blkio.io_service_time_recursive
./blkio/blkio.io_serviced_recursive
./blkio/blkio.io_service_bytes_recursive
./blkio/blkio.sectors_recursive
./blkio/blkio.time_recursive
./blkio/blkio.io_queued
./blkio/blkio.io_merged
./blkio/blkio.io_wait_time
./blkio/blkio.io_service_time
./blkio/blkio.io_serviced
./blkio/blkio.io_service_bytes
./blkio/blkio.sectors
./blkio/blkio.time
./blkio/blkio.leaf_weight
./blkio/blkio.leaf_weight_device
./blkio/blkio.weight
./blkio/blkio.weight_device
./blkio/blkio.throttle.io_serviced
./blkio/blkio.throttle.io_service_bytes
./blkio/blkio.throttle.write_iops_device
./blkio/blkio.throttle.read_iops_device
./blkio/blkio.throttle.write_bps_device
./blkio/blkio.throttle.read_bps_device
./blkio/blkio.reset_stats
./blkio/release_agent
./blkio/cgroup.sane_behavior
./blkio/cgroup.clone_children
./blkio/cgroup.event_control
./blkio/notify_on_release
./blkio/cgroup.procs
./blkio/tasks
./net_cls
./net_cls/net_cls.classid
./net_cls/release_agent
./net_cls/cgroup.sane_behavior
./net_cls/cgroup.clone_children
./net_cls/cgroup.event_control
./net_cls/notify_on_release
./net_cls/cgroup.procs
./net_cls/tasks
./freezer
./freezer/release_agent
./freezer/cgroup.sane_behavior
./freezer/cgroup.clone_children
./freezer/cgroup.event_control
./freezer/notify_on_release
./freezer/cgroup.procs
./freezer/tasks
./devices
./devices/devices.list
./devices/devices.deny
./devices/devices.allow
./devices/release_agent
./devices/cgroup.sane_behavior
./devices/cgroup.clone_children
./devices/cgroup.event_control
./devices/notify_on_release
./devices/cgroup.procs
./devices/tasks
./memory
./memory/memory.kmem.tcp.max_usage_in_bytes
./memory/memory.kmem.tcp.failcnt
./memory/memory.kmem.tcp.usage_in_bytes
./memory/memory.kmem.tcp.limit_in_bytes
./memory/memory.memsw.failcnt
./memory/memory.memsw.limit_in_bytes
./memory/memory.memsw.max_usage_in_bytes
./memory/memory.memsw.usage_in_bytes
./memory/memory.kmem.slabinfo
./memory/memory.kmem.max_usage_in_bytes
./memory/memory.kmem.failcnt
./memory/memory.kmem.usage_in_bytes
./memory/memory.kmem.limit_in_bytes
./memory/memory.numa_stat
./memory/memory.pressure_level
./memory/memory.oom_control
./memory/memory.move_charge_at_immigrate
./memory/memory.swappiness
./memory/memory.use_hierarchy
./memory/memory.force_empty
./memory/memory.stat
./memory/memory.failcnt
./memory/memory.soft_limit_in_bytes
./memory/memory.limit_in_bytes
./memory/memory.max_usage_in_bytes
./memory/memory.usage_in_bytes
./memory/release_agent
./memory/cgroup.sane_behavior
./memory/cgroup.clone_children
./memory/cgroup.event_control
./memory/notify_on_release
./memory/cgroup.procs
./memory/tasks
./cpuacct
./cpu
./cpu,cpuacct
./cpu,cpuacct/cpu.rt_period_us
./cpu,cpuacct/cpu.rt_runtime_us
./cpu,cpuacct/cpu.stat
./cpu,cpuacct/cpu.cfs_period_us
./cpu,cpuacct/cpu.cfs_quota_us
./cpu,cpuacct/cpu.shares
./cpu,cpuacct/cpuacct.stat
./cpu,cpuacct/cpuacct.usage_percpu
./cpu,cpuacct/cpuacct.usage
./cpu,cpuacct/release_agent
./cpu,cpuacct/cgroup.sane_behavior
./cpu,cpuacct/cgroup.clone_children
./cpu,cpuacct/cgroup.event_control
./cpu,cpuacct/notify_on_release
./cpu,cpuacct/cgroup.procs
./cpu,cpuacct/tasks
./cpuset
./cpuset/cpuset.memory_pressure_enabled
./cpuset/cpuset.memory_spread_slab
./cpuset/cpuset.memory_spread_page
./cpuset/cpuset.memory_pressure
./cpuset/cpuset.memory_migrate
./cpuset/cpuset.sched_relax_domain_level
./cpuset/cpuset.sched_load_balance
./cpuset/cpuset.mem_hardwall
./cpuset/cpuset.mem_exclusive
./cpuset/cpuset.cpu_exclusive
./cpuset/cpuset.mems
./cpuset/cpuset.cpus
./cpuset/release_agent
./cpuset/cgroup.sane_behavior
./cpuset/cgroup.clone_children
./cpuset/cgroup.event_control
./cpuset/notify_on_release
./cpuset/cgroup.procs
./cpuset/tasks
./systemd
./systemd/user.slice
./systemd/user.slice/user-0.slice
./systemd/user.slice/user-0.slice/session-1.scope
./systemd/user.slice/user-0.slice/session-1.scope/cgroup.clone_children
./systemd/user.slice/user-0.slice/session-1.scope/cgroup.event_control
./systemd/user.slice/user-0.slice/session-1.scope/notify_on_release
./systemd/user.slice/user-0.slice/session-1.scope/cgroup.procs
./systemd/user.slice/user-0.slice/session-1.scope/tasks
./systemd/user.slice/user-0.slice/cgroup.clone_children
./systemd/user.slice/user-0.slice/cgroup.event_control
./systemd/user.slice/user-0.slice/notify_on_release
./systemd/user.slice/user-0.slice/cgroup.procs
./systemd/user.slice/user-0.slice/tasks
./systemd/user.slice/cgroup.clone_children
./systemd/user.slice/cgroup.event_control
./systemd/user.slice/notify_on_release
./systemd/user.slice/cgroup.procs
./systemd/user.slice/tasks
./systemd/system.slice
./systemd/system.slice/irqbalance.service
./systemd/system.slice/irqbalance.service/cgroup.clone_children
./systemd/system.slice/irqbalance.service/cgroup.event_control
./systemd/system.slice/irqbalance.service/notify_on_release
./systemd/system.slice/irqbalance.service/cgroup.procs
./systemd/system.slice/irqbalance.service/tasks
./systemd/system.slice/kdump.service
./systemd/system.slice/kdump.service/cgroup.clone_children
./systemd/system.slice/kdump.service/cgroup.event_control
./systemd/system.slice/kdump.service/notify_on_release
./systemd/system.slice/kdump.service/cgroup.procs
./systemd/system.slice/kdump.service/tasks
./systemd/system.slice/network.service
./systemd/system.slice/network.service/cgroup.clone_children
./systemd/system.slice/network.service/cgroup.event_control
./systemd/system.slice/network.service/notify_on_release
./systemd/system.slice/network.service/cgroup.procs
./systemd/system.slice/network.service/tasks
./systemd/system.slice/polkit.service
./systemd/system.slice/polkit.service/cgroup.clone_children
./systemd/system.slice/polkit.service/cgroup.event_control
./systemd/system.slice/polkit.service/notify_on_release
./systemd/system.slice/polkit.service/cgroup.procs
./systemd/system.slice/polkit.service/tasks
./systemd/system.slice/rhel-dmesg.service
./systemd/system.slice/rhel-dmesg.service/cgroup.clone_children
./systemd/system.slice/rhel-dmesg.service/cgroup.event_control
./systemd/system.slice/rhel-dmesg.service/notify_on_release
./systemd/system.slice/rhel-dmesg.service/cgroup.procs
./systemd/system.slice/rhel-dmesg.service/tasks
./systemd/system.slice/plymouth-quit-wait.service
./systemd/system.slice/plymouth-quit-wait.service/cgroup.clone_children
./systemd/system.slice/plymouth-quit-wait.service/cgroup.event_control
./systemd/system.slice/plymouth-quit-wait.service/notify_on_release
./systemd/system.slice/plymouth-quit-wait.service/cgroup.procs
./systemd/system.slice/plymouth-quit-wait.service/tasks
./systemd/system.slice/plymouth-quit.service
./systemd/system.slice/plymouth-quit.service/cgroup.clone_children
./systemd/system.slice/plymouth-quit.service/cgroup.event_control
./systemd/system.slice/plymouth-quit.service/notify_on_release
./systemd/system.slice/plymouth-quit.service/cgroup.procs
./systemd/system.slice/plymouth-quit.service/tasks
./systemd/system.slice/systemd-user-sessions.service
./systemd/system.slice/systemd-user-sessions.service/cgroup.clone_children
./systemd/system.slice/systemd-user-sessions.service/cgroup.event_control
./systemd/system.slice/systemd-user-sessions.service/notify_on_release
./systemd/system.slice/systemd-user-sessions.service/cgroup.procs
./systemd/system.slice/systemd-user-sessions.service/tasks
./systemd/system.slice/dev-dm\x2d0.swap
./systemd/system.slice/dev-dm\x2d0.swap/cgroup.clone_children
./systemd/system.slice/dev-dm\x2d0.swap/cgroup.event_control
./systemd/system.slice/dev-dm\x2d0.swap/notify_on_release
./systemd/system.slice/dev-dm\x2d0.swap/cgroup.procs
./systemd/system.slice/dev-dm\x2d0.swap/tasks
./systemd/system.slice/dev-disk-by\x2duuid-b1078ff0\x2de883\x2d416b\x2d8954\x2ded419e982756.swap
./systemd/system.slice/dev-disk-by\x2duuid-b1078ff0\x2de883\x2d416b\x2d8954\x2ded419e982756.swap/cgroup.clone_children
./systemd/system.slice/dev-disk-by\x2duuid-b1078ff0\x2de883\x2d416b\x2d8954\x2ded419e982756.swap/cgroup.event_control
./systemd/system.slice/dev-disk-by\x2duuid-b1078ff0\x2de883\x2d416b\x2d8954\x2ded419e982756.swap/notify_on_release
./systemd/system.slice/dev-disk-by\x2duuid-b1078ff0\x2de883\x2d416b\x2d8954\x2ded419e982756.swap/cgroup.procs
./systemd/system.slice/dev-disk-by\x2duuid-b1078ff0\x2de883\x2d416b\x2d8954\x2ded419e982756.swap/tasks
./systemd/system.slice/dev-disk-by\x2did-dm\x2duuid\x2dLVM\x2dRnLvXMUj8cgqLZL3to1KkYkn3iHhlMf3WxvKcrhbWotp5secnmzCU8UsBgNk1052.swap
./systemd/system.slice/dev-disk-by\x2did-dm\x2duuid\x2dLVM\x2dRnLvXMUj8cgqLZL3to1KkYkn3iHhlMf3WxvKcrhbWotp5secnmzCU8UsBgNk1052.swap/cgroup.clone_children
./systemd/system.slice/dev-disk-by\x2did-dm\x2duuid\x2dLVM\x2dRnLvXMUj8cgqLZL3to1KkYkn3iHhlMf3WxvKcrhbWotp5secnmzCU8UsBgNk1052.swap/cgroup.event_control
./systemd/system.slice/dev-disk-by\x2did-dm\x2duuid\x2dLVM\x2dRnLvXMUj8cgqLZL3to1KkYkn3iHhlMf3WxvKcrhbWotp5secnmzCU8UsBgNk1052.swap/notify_on_release
./systemd/system.slice/dev-disk-by\x2did-dm\x2duuid\x2dLVM\x2dRnLvXMUj8cgqLZL3to1KkYkn3iHhlMf3WxvKcrhbWotp5secnmzCU8UsBgNk1052.swap/cgroup.procs
./systemd/system.slice/dev-disk-by\x2did-dm\x2duuid\x2dLVM\x2dRnLvXMUj8cgqLZL3to1KkYkn3iHhlMf3WxvKcrhbWotp5secnmzCU8UsBgNk1052.swap/tasks
./systemd/system.slice/dev-disk-by\x2did-dm\x2dname\x2dcentos\x2dswap.swap
./systemd/system.slice/dev-disk-by\x2did-dm\x2dname\x2dcentos\x2dswap.swap/cgroup.clone_children
./systemd/system.slice/dev-disk-by\x2did-dm\x2dname\x2dcentos\x2dswap.swap/cgroup.event_control
./systemd/system.slice/dev-disk-by\x2did-dm\x2dname\x2dcentos\x2dswap.swap/notify_on_release
./systemd/system.slice/dev-disk-by\x2did-dm\x2dname\x2dcentos\x2dswap.swap/cgroup.procs
./systemd/system.slice/dev-disk-by\x2did-dm\x2dname\x2dcentos\x2dswap.swap/tasks
./systemd/system.slice/dev-centos-swap.swap
./systemd/system.slice/dev-centos-swap.swap/cgroup.clone_children
./systemd/system.slice/dev-centos-swap.swap/cgroup.event_control
./systemd/system.slice/dev-centos-swap.swap/notify_on_release
./systemd/system.slice/dev-centos-swap.swap/cgroup.procs
./systemd/system.slice/dev-centos-swap.swap/tasks
./systemd/system.slice/auditd.service
./systemd/system.slice/auditd.service/cgroup.clone_children
./systemd/system.slice/auditd.service/cgroup.event_control
./systemd/system.slice/auditd.service/notify_on_release
./systemd/system.slice/auditd.service/cgroup.procs
./systemd/system.slice/auditd.service/tasks
./systemd/system.slice/boot.mount
./systemd/system.slice/boot.mount/cgroup.clone_children
./systemd/system.slice/boot.mount/cgroup.event_control
./systemd/system.slice/boot.mount/notify_on_release
./systemd/system.slice/boot.mount/cgroup.procs
./systemd/system.slice/boot.mount/tasks
./systemd/system.slice/root.mount
./systemd/system.slice/root.mount/cgroup.clone_children
./systemd/system.slice/root.mount/cgroup.event_control
./systemd/system.slice/root.mount/notify_on_release
./systemd/system.slice/root.mount/cgroup.procs
./systemd/system.slice/root.mount/tasks
./systemd/system.slice/opt.mount
./systemd/system.slice/opt.mount/cgroup.clone_children
./systemd/system.slice/opt.mount/cgroup.event_control
./systemd/system.slice/opt.mount/notify_on_release
./systemd/system.slice/opt.mount/cgroup.procs
./systemd/system.slice/opt.mount/tasks
./systemd/system.slice/system-lvm2\x2dpvscan.slice
./systemd/system.slice/system-lvm2\x2dpvscan.slice/cgroup.clone_children
./systemd/system.slice/system-lvm2\x2dpvscan.slice/cgroup.event_control
./systemd/system.slice/system-lvm2\x2dpvscan.slice/notify_on_release
./systemd/system.slice/system-lvm2\x2dpvscan.slice/cgroup.procs
./systemd/system.slice/system-lvm2\x2dpvscan.slice/tasks
./systemd/system.slice/systemd-udevd.service
./systemd/system.slice/systemd-udevd.service/cgroup.clone_children
./systemd/system.slice/systemd-udevd.service/cgroup.event_control
./systemd/system.slice/systemd-udevd.service/notify_on_release
./systemd/system.slice/systemd-udevd.service/cgroup.procs
./systemd/system.slice/systemd-udevd.service/tasks
./systemd/system.slice/meida-CentOS7.0.mount
./systemd/system.slice/meida-CentOS7.0.mount/cgroup.clone_children
./systemd/system.slice/meida-CentOS7.0.mount/cgroup.event_control
./systemd/system.slice/meida-CentOS7.0.mount/notify_on_release
./systemd/system.slice/meida-CentOS7.0.mount/cgroup.procs
./systemd/system.slice/meida-CentOS7.0.mount/tasks
./systemd/system.slice/lvm2-lvmetad.service
./systemd/system.slice/lvm2-lvmetad.service/cgroup.clone_children
./systemd/system.slice/lvm2-lvmetad.service/cgroup.event_control
./systemd/system.slice/lvm2-lvmetad.service/notify_on_release
./systemd/system.slice/lvm2-lvmetad.service/cgroup.procs
./systemd/system.slice/lvm2-lvmetad.service/tasks
./systemd/system.slice/systemd-journald.service
./systemd/system.slice/systemd-journald.service/cgroup.clone_children
./systemd/system.slice/systemd-journald.service/cgroup.event_control
./systemd/system.slice/systemd-journald.service/notify_on_release
./systemd/system.slice/systemd-journald.service/cgroup.procs
./systemd/system.slice/systemd-journald.service/tasks
./systemd/system.slice/iprinit.service
./systemd/system.slice/iprinit.service/cgroup.clone_children
./systemd/system.slice/iprinit.service/cgroup.event_control
./systemd/system.slice/iprinit.service/notify_on_release
./systemd/system.slice/iprinit.service/cgroup.procs
./systemd/system.slice/iprinit.service/tasks
./systemd/system.slice/rc-local.service
./systemd/system.slice/rc-local.service/cgroup.clone_children
./systemd/system.slice/rc-local.service/cgroup.event_control
./systemd/system.slice/rc-local.service/notify_on_release
./systemd/system.slice/rc-local.service/cgroup.procs
./systemd/system.slice/rc-local.service/tasks
./systemd/system.slice/brandbot.service
./systemd/system.slice/brandbot.service/cgroup.clone_children
./systemd/system.slice/brandbot.service/cgroup.event_control
./systemd/system.slice/brandbot.service/notify_on_release
./systemd/system.slice/brandbot.service/cgroup.procs
./systemd/system.slice/brandbot.service/tasks
./systemd/system.slice/dbus.service
./systemd/system.slice/dbus.service/cgroup.clone_children
./systemd/system.slice/dbus.service/cgroup.event_control
./systemd/system.slice/dbus.service/notify_on_release
./systemd/system.slice/dbus.service/cgroup.procs
./systemd/system.slice/dbus.service/tasks
./systemd/system.slice/dbus.socket
./systemd/system.slice/dbus.socket/cgroup.clone_children
./systemd/system.slice/dbus.socket/cgroup.event_control
./systemd/system.slice/dbus.socket/notify_on_release
./systemd/system.slice/dbus.socket/cgroup.procs
./systemd/system.slice/dbus.socket/tasks
./systemd/system.slice/uuidd.socket
./systemd/system.slice/uuidd.socket/cgroup.clone_children
./systemd/system.slice/uuidd.socket/cgroup.event_control
./systemd/system.slice/uuidd.socket/notify_on_release
./systemd/system.slice/uuidd.socket/cgroup.procs
./systemd/system.slice/uuidd.socket/tasks
./systemd/system.slice/uuidd.service
./systemd/system.slice/uuidd.service/cgroup.clone_children
./systemd/system.slice/uuidd.service/cgroup.event_control
./systemd/system.slice/uuidd.service/notify_on_release
./systemd/system.slice/uuidd.service/cgroup.procs
./systemd/system.slice/uuidd.service/tasks
./systemd/system.slice/avahi-daemon.socket
./systemd/system.slice/avahi-daemon.socket/cgroup.clone_children
./systemd/system.slice/avahi-daemon.socket/cgroup.event_control
./systemd/system.slice/avahi-daemon.socket/notify_on_release
./systemd/system.slice/avahi-daemon.socket/cgroup.procs
./systemd/system.slice/avahi-daemon.socket/tasks
./systemd/system.slice/systemd-logind.service
./systemd/system.slice/systemd-logind.service/cgroup.clone_children
./systemd/system.slice/systemd-logind.service/cgroup.event_control
./systemd/system.slice/systemd-logind.service/notify_on_release
./systemd/system.slice/systemd-logind.service/cgroup.procs
./systemd/system.slice/systemd-logind.service/tasks
./systemd/system.slice/systemd-ask-password-wall.service
./systemd/system.slice/systemd-ask-password-wall.service/cgroup.clone_children
./systemd/system.slice/systemd-ask-password-wall.service/cgroup.event_control
./systemd/system.slice/systemd-ask-password-wall.service/notify_on_release
./systemd/system.slice/systemd-ask-password-wall.service/cgroup.procs
./systemd/system.slice/systemd-ask-password-wall.service/tasks
./systemd/system.slice/sshd.service
./systemd/system.slice/sshd.service/cgroup.clone_children
./systemd/system.slice/sshd.service/cgroup.event_control
./systemd/system.slice/sshd.service/notify_on_release
./systemd/system.slice/sshd.service/cgroup.procs
./systemd/system.slice/sshd.service/tasks
./systemd/system.slice/tuned.service
./systemd/system.slice/tuned.service/cgroup.clone_children
./systemd/system.slice/tuned.service/cgroup.event_control
./systemd/system.slice/tuned.service/notify_on_release
./systemd/system.slice/tuned.service/cgroup.procs
./systemd/system.slice/tuned.service/tasks
./systemd/system.slice/cpupower.service
./systemd/system.slice/cpupower.service/cgroup.clone_children
./systemd/system.slice/cpupower.service/cgroup.event_control
./systemd/system.slice/cpupower.service/notify_on_release
./systemd/system.slice/cpupower.service/cgroup.procs
./systemd/system.slice/cpupower.service/tasks
./systemd/system.slice/postfix.service
./systemd/system.slice/postfix.service/cgroup.clone_children
./systemd/system.slice/postfix.service/cgroup.event_control
./systemd/system.slice/postfix.service/notify_on_release
./systemd/system.slice/postfix.service/cgroup.procs
./systemd/system.slice/postfix.service/tasks
./systemd/system.slice/NetworkManager-wait-online.service
./systemd/system.slice/NetworkManager-wait-online.service/cgroup.clone_children
./systemd/system.slice/NetworkManager-wait-online.service/cgroup.event_control
./systemd/system.slice/NetworkManager-wait-online.service/notify_on_release
./systemd/system.slice/NetworkManager-wait-online.service/cgroup.procs
./systemd/system.slice/NetworkManager-wait-online.service/tasks
./systemd/system.slice/rsyslog.service
./systemd/system.slice/rsyslog.service/cgroup.clone_children
./systemd/system.slice/rsyslog.service/cgroup.event_control
./systemd/system.slice/rsyslog.service/notify_on_release
./systemd/system.slice/rsyslog.service/cgroup.procs
./systemd/system.slice/rsyslog.service/tasks
./systemd/system.slice/NetworkManager.service
./systemd/system.slice/NetworkManager.service/cgroup.clone_children
./systemd/system.slice/NetworkManager.service/cgroup.event_control
./systemd/system.slice/NetworkManager.service/notify_on_release
./systemd/system.slice/NetworkManager.service/cgroup.procs
./systemd/system.slice/NetworkManager.service/tasks
./systemd/system.slice/avahi-daemon.service
./systemd/system.slice/avahi-daemon.service/cgroup.clone_children
./systemd/system.slice/avahi-daemon.service/cgroup.event_control
./systemd/system.slice/avahi-daemon.service/notify_on_release
./systemd/system.slice/avahi-daemon.service/cgroup.procs
./systemd/system.slice/avahi-daemon.service/tasks
./systemd/system.slice/crond.service
./systemd/system.slice/crond.service/cgroup.clone_children
./systemd/system.slice/crond.service/cgroup.event_control
./systemd/system.slice/crond.service/notify_on_release
./systemd/system.slice/crond.service/cgroup.procs
./systemd/system.slice/crond.service/tasks
./systemd/system.slice/dev-mapper-centos\x2dswap.swap
./systemd/system.slice/dev-mapper-centos\x2dswap.swap/cgroup.clone_children
./systemd/system.slice/dev-mapper-centos\x2dswap.swap/cgroup.event_control
./systemd/system.slice/dev-mapper-centos\x2dswap.swap/notify_on_release
./systemd/system.slice/dev-mapper-centos\x2dswap.swap/cgroup.procs
./systemd/system.slice/dev-mapper-centos\x2dswap.swap/tasks
./systemd/system.slice/-.mount
./systemd/system.slice/-.mount/cgroup.clone_children
./systemd/system.slice/-.mount/cgroup.event_control
./systemd/system.slice/-.mount/notify_on_release
./systemd/system.slice/-.mount/cgroup.procs
./systemd/system.slice/-.mount/tasks
./systemd/system.slice/system-systemd\x2dfsck.slice
./systemd/system.slice/system-systemd\x2dfsck.slice/cgroup.clone_children
./systemd/system.slice/system-systemd\x2dfsck.slice/cgroup.event_control
./systemd/system.slice/system-systemd\x2dfsck.slice/notify_on_release
./systemd/system.slice/system-systemd\x2dfsck.slice/cgroup.procs
./systemd/system.slice/system-systemd\x2dfsck.slice/tasks
./systemd/system.slice/microcode.service
./systemd/system.slice/microcode.service/cgroup.clone_children
./systemd/system.slice/microcode.service/cgroup.event_control
./systemd/system.slice/microcode.service/notify_on_release
./systemd/system.slice/microcode.service/cgroup.procs
./systemd/system.slice/microcode.service/tasks
./systemd/system.slice/firewalld.service
./systemd/system.slice/firewalld.service/cgroup.clone_children
./systemd/system.slice/firewalld.service/cgroup.event_control
./systemd/system.slice/firewalld.service/notify_on_release
./systemd/system.slice/firewalld.service/cgroup.procs
./systemd/system.slice/firewalld.service/tasks
./systemd/system.slice/ebtables.service
./systemd/system.slice/ebtables.service/cgroup.clone_children
./systemd/system.slice/ebtables.service/cgroup.event_control
./systemd/system.slice/ebtables.service/notify_on_release
./systemd/system.slice/ebtables.service/cgroup.procs
./systemd/system.slice/ebtables.service/tasks
./systemd/system.slice/ip6tables.service
./systemd/system.slice/ip6tables.service/cgroup.clone_children
./systemd/system.slice/ip6tables.service/cgroup.event_control
./systemd/system.slice/ip6tables.service/notify_on_release
./systemd/system.slice/ip6tables.service/cgroup.procs
./systemd/system.slice/ip6tables.service/tasks
./systemd/system.slice/iptables.service
./systemd/system.slice/iptables.service/cgroup.clone_children
./systemd/system.slice/iptables.service/cgroup.event_control
./systemd/system.slice/iptables.service/notify_on_release
./systemd/system.slice/iptables.service/cgroup.procs
./systemd/system.slice/iptables.service/tasks
./systemd/system.slice/iprdump.service
./systemd/system.slice/iprdump.service/cgroup.clone_children
./systemd/system.slice/iprdump.service/cgroup.event_control
./systemd/system.slice/iprdump.service/notify_on_release
./systemd/system.slice/iprdump.service/cgroup.procs
./systemd/system.slice/iprdump.service/tasks
./systemd/system.slice/iprupdate.service
./systemd/system.slice/iprupdate.service/cgroup.clone_children
./systemd/system.slice/iprupdate.service/cgroup.event_control
./systemd/system.slice/iprupdate.service/notify_on_release
./systemd/system.slice/iprupdate.service/cgroup.procs
./systemd/system.slice/iprupdate.service/tasks
./systemd/system.slice/netconsole.service
./systemd/system.slice/netconsole.service/cgroup.clone_children
./systemd/system.slice/netconsole.service/cgroup.event_control
./systemd/system.slice/netconsole.service/notify_on_release
./systemd/system.slice/netconsole.service/cgroup.procs
./systemd/system.slice/netconsole.service/tasks
./systemd/system.slice/dev-hugepages.mount
./systemd/system.slice/dev-hugepages.mount/cgroup.clone_children
./systemd/system.slice/dev-hugepages.mount/cgroup.event_control
./systemd/system.slice/dev-hugepages.mount/notify_on_release
./systemd/system.slice/dev-hugepages.mount/cgroup.procs
./systemd/system.slice/dev-hugepages.mount/tasks
./systemd/system.slice/dev-mqueue.mount
./systemd/system.slice/dev-mqueue.mount/cgroup.clone_children
./systemd/system.slice/dev-mqueue.mount/cgroup.event_control
./systemd/system.slice/dev-mqueue.mount/notify_on_release
./systemd/system.slice/dev-mqueue.mount/cgroup.procs
./systemd/system.slice/dev-mqueue.mount/tasks
./systemd/system.slice/sys-kernel-debug.mount
./systemd/system.slice/sys-kernel-debug.mount/cgroup.clone_children
./systemd/system.slice/sys-kernel-debug.mount/cgroup.event_control
./systemd/system.slice/sys-kernel-debug.mount/notify_on_release
./systemd/system.slice/sys-kernel-debug.mount/cgroup.procs
./systemd/system.slice/sys-kernel-debug.mount/tasks
./systemd/system.slice/system-getty.slice
./systemd/system.slice/system-getty.slice/getty@tty1.service
./systemd/system.slice/system-getty.slice/getty@tty1.service/cgroup.clone_children
./systemd/system.slice/system-getty.slice/getty@tty1.service/cgroup.event_control
./systemd/system.slice/system-getty.slice/getty@tty1.service/notify_on_release
./systemd/system.slice/system-getty.slice/getty@tty1.service/cgroup.procs
./systemd/system.slice/system-getty.slice/getty@tty1.service/tasks
./systemd/system.slice/system-getty.slice/cgroup.clone_children
./systemd/system.slice/system-getty.slice/cgroup.event_control
./systemd/system.slice/system-getty.slice/notify_on_release
./systemd/system.slice/system-getty.slice/cgroup.procs
./systemd/system.slice/system-getty.slice/tasks
./systemd/system.slice/cgroup.clone_children
./systemd/system.slice/cgroup.event_control
./systemd/system.slice/notify_on_release
./systemd/system.slice/cgroup.procs
./systemd/system.slice/tasks
./systemd/release_agent
./systemd/cgroup.sane_behavior
./systemd/cgroup.clone_children
./systemd/cgroup.event_control
./systemd/notify_on_release
./systemd/cgroup.procs
./systemd/tasks
