4+0 records in
4+0 records out
41943040 bytes (42 MB) copied, 1.26227 s, 33.2 MB/s
sleep 10
0+0 records in
0+0 records out
0 bytes (0 B) copied, 0.0014785 s, 0.0 kB/s
sleep 7
2+0 records in
2+0 records out
20971520 bytes (21 MB) copied, 0.365044 s, 57.4 MB/s
sleep 12
2+0 records in
2+0 records out
20971520 bytes (21 MB) copied, 0.875856 s, 23.9 MB/s
sleep 13
2+0 records in
2+0 records out
20971520 bytes (21 MB) copied, 0.612301 s, 34.3 MB/s
sleep 8
3+0 records in
3+0 records out
31457280 bytes (31 MB) copied, 0.638988 s, 49.2 MB/s
sleep 13
0+0 records in
0+0 records out
0 bytes (0 B) copied, 0.186151 s, 0.0 kB/s
sleep 12
0+0 records in
0+0 records out
0 bytes (0 B) copied, 0.101432 s, 0.0 kB/s
